Determining if the pthread_create exist failed with the following output:
Change Dir: /home/zxd/projects/darknet-master/cmake-build-debug/CMakeFiles/CMakeTmp

Run Build Command:"/usr/bin/make" "cmTC_b3f04/fast"
/usr/bin/make -f CMakeFiles/cmTC_b3f04.dir/build.make CMakeFiles/cmTC_b3f04.dir/build
make[1]: Entering directory '/home/zxd/projects/darknet-master/cmake-build-debug/CMakeFiles/CMakeTmp'
Building C object CMakeFiles/cmTC_b3f04.dir/CheckSymbolExists.c.o
/usr/bin/cc     -o CMakeFiles/cmTC_b3f04.dir/CheckSymbolExists.c.o   -c /home/zxd/projects/darknet-master/cmake-build-debug/CMakeFiles/CMakeTmp/CheckSymbolExists.c
Linking C executable cmTC_b3f04
/home/zxd/software/clion-2016.3.2/bin/cmake/bin/cmake -E cmake_link_script CMakeFiles/cmTC_b3f04.dir/link.txt --verbose=1
/usr/bin/cc       CMakeFiles/cmTC_b3f04.dir/CheckSymbolExists.c.o  -o cmTC_b3f04 -rdynamic 
CMakeFiles/cmTC_b3f04.dir/CheckSymbolExists.c.o: In function `main':
CheckSymbolExists.c:(.text+0x16): undefined reference to `pthread_create'
collect2: error: ld returned 1 exit status
CMakeFiles/cmTC_b3f04.dir/build.make:97: recipe for target 'cmTC_b3f04' failed
make[1]: *** [cmTC_b3f04] Error 1
make[1]: Leaving directory '/home/zxd/projects/darknet-master/cmake-build-debug/CMakeFiles/CMakeTmp'
Makefile:126: recipe for target 'cmTC_b3f04/fast' failed
make: *** [cmTC_b3f04/fast] Error 2

File /home/zxd/projects/darknet-master/cmake-build-debug/CMakeFiles/CMakeTmp/CheckSymbolExists.c:
/* */
#include <pthread.h>

int main(int argc, char** argv)
{
  (void)argv;
#ifndef pthread_create
  return ((int*)(&pthread_create))[argc];
#else
  (void)argc;
  return 0;
#endif
}

Determining if the function pthread_create exists in the pthreads failed with the following output:
Change Dir: /home/zxd/projects/darknet-master/cmake-build-debug/CMakeFiles/CMakeTmp

Run Build Command:"/usr/bin/make" "cmTC_cdede/fast"
/usr/bin/make -f CMakeFiles/cmTC_cdede.dir/build.make CMakeFiles/cmTC_cdede.dir/build
make[1]: Entering directory '/home/zxd/projects/darknet-master/cmake-build-debug/CMakeFiles/CMakeTmp'
Building C object CMakeFiles/cmTC_cdede.dir/CheckFunctionExists.c.o
/usr/bin/cc    -DCHECK_FUNCTION_EXISTS=pthread_create   -o CMakeFiles/cmTC_cdede.dir/CheckFunctionExists.c.o   -c /home/zxd/software/clion-2016.3.2/bin/cmake/share/cmake-3.6/Modules/CheckFunctionExists.c
Linking C executable cmTC_cdede
/home/zxd/software/clion-2016.3.2/bin/cmake/bin/cmake -E cmake_link_script CMakeFiles/cmTC_cdede.dir/link.txt --verbose=1
/usr/bin/cc   -DCHECK_FUNCTION_EXISTS=pthread_create    CMakeFiles/cmTC_cdede.dir/CheckFunctionExists.c.o  -o cmTC_cdede -rdynamic -lpthreads 
/usr/bin/ld: cannot find -lpthreads
collect2: error: ld returned 1 exit status
CMakeFiles/cmTC_cdede.dir/build.make:97: recipe for target 'cmTC_cdede' failed
make[1]: *** [cmTC_cdede] Error 1
make[1]: Leaving directory '/home/zxd/projects/darknet-master/cmake-build-debug/CMakeFiles/CMakeTmp'
Makefile:126: recipe for target 'cmTC_cdede/fast' failed
make: *** [cmTC_cdede/fast] Error 2


